<?xml version="1.0" encoding="UTF-8"?>
<!-- Generated by org.testng.reporters.JUnitReportReporter -->
<testsuite hostname="DESKTOP-LSFSGRJ" failures="0" tests="2" name="tests.Login_positiveScenarioWithDataProvider" time="75.754" errors="0" timestamp="2025-11-14T15:03:51 EET" skipped="0">
  <testcase classname="tests.Login_positiveScenarioWithDataProvider" name="testLogin_CorrectUsernameAndPassword" time="49.169"/>
  <testcase classname="tests.Login_positiveScenarioWithDataProvider" name="testLogin_CorrectUsernameAndPassword" time="26.585"/>
</testsuite> <!-- tests.Login_positiveScenarioWithDataProvider -->
