<?xml version="1.0" encoding="UTF-8"?>
<!-- Generated by org.testng.reporters.JUnitReportReporter -->
<testsuite hostname="DESKTOP-LSFSGRJ" failures="0" tests="3" name="tests.Login_negativeScenario" time="43.071" errors="0" timestamp="2025-11-14T14:56:26 EET" skipped="0">
  <testcase classname="tests.Login_negativeScenario" name="testLogin_IncorrectEmailOrPassword" time="13.260"/>
  <testcase classname="tests.Login_negativeScenario" name="testLogin_IncorrectEmailOrPassword" time="13.125"/>
  <testcase classname="tests.Login_negativeScenario" name="testLogin_IncorrectEmailOrPassword" time="16.686"/>
</testsuite> <!-- tests.Login_negativeScenario -->
