<?xml version="1.0" encoding="UTF-8"?>
<!-- Generated by org.testng.reporters.JUnitReportReporter -->
<testsuite hostname="DESKTOP-LSFSGRJ" failures="0" tests="2" name="tests.Login_happyScenarioWithExcelSheet" time="52.141" errors="0" timestamp="2025-11-14T16:05:34 EET" skipped="0">
  <testcase classname="tests.Login_happyScenarioWithExcelSheet" name="testLogin_CorrectUsernameAndPassword" time="22.025"/>
  <testcase classname="tests.Login_happyScenarioWithExcelSheet" name="testLogin_CorrectUsernameAndPassword" time="30.116"/>
</testsuite> <!-- tests.Login_happyScenarioWithExcelSheet -->
