<?xml version="1.0" encoding="UTF-8"?>
<!-- Generated by org.testng.reporters.JUnitReportReporter -->
<testsuite hostname="DESKTOP-LSFSGRJ" failures="0" tests="2" name="tests.Login_negativeScenarioWithJavaPropertiesFile" time="31.082" errors="0" timestamp="2025-11-14T15:30:28 EET" skipped="0">
  <testcase classname="tests.Login_negativeScenarioWithJavaPropertiesFile" name="testLogin_IncorrectEmailOrPassword" time="12.082"/>
  <testcase classname="tests.Login_negativeScenarioWithJavaPropertiesFile" name="testLogin_IncorrectEmailOrPassword" time="19.000"/>
</testsuite> <!-- tests.Login_negativeScenarioWithJavaPropertiesFile -->
