<?xml version="1.0" encoding="UTF-8"?>
<!-- Generated by org.testng.reporters.JUnitXMLReporter -->
<testsuite ignored="0" hostname="DESKTOP-LSFSGRJ" failures="0" tests="2" name="Test" time="60.301" errors="0" timestamp="2025-11-07T17:31:13 EET">
  <testcase classname="tests.Register_happyScenario" name="testRegister_ValidFieldsWithNewEmail" time="23.47"/>
  <testcase classname="tests.Register_negativeScenario" name="testRegister_ValidFieldsWithExistEmail" time="9.505"/>
</testsuite> <!-- Test -->
