<?xml version="1.0" encoding="UTF-8"?>
<!-- Generated by org.testng.reporters.JUnitXMLReporter -->
<testsuite ignored="0" hostname="DESKTOP-LSFSGRJ" failures="0" tests="2" name="Login_negativeTests" time="35.387" errors="0" timestamp="2025-11-09T18:59:06 EET">
  <testcase classname="tests.Login_negativeScenario" name="testLogin_CorrectUsernameAndNotMatchingPassword" time="12.077"/>
  <testcase classname="tests.Login_negativeScenario" name="testLogin_InCorrectUsername" time="12.687"/>
</testsuite> <!-- Login_negativeTests -->
